<?xml version="1.0" encoding="UTF-8"?>
<!-- Generated by org.testng.reporters.JUnitReportReporter -->
<testsuite hostname="BNGEMPL108" failures="0" tests="4" name="RestAssuredDemo.WaysToPosttheRequest" time="4.231" errors="0" timestamp="2024-08-08T11:59:55 IST" skipped="0">
  <testcase classname="RestAssuredDemo.WaysToPosttheRequest" name="createProjectUsingJsonObj" time="0.425"/>
  <system-out/>
  <testcase classname="RestAssuredDemo.WaysToPosttheRequest" name="createprojectusingpojo" time="0.457"/>
  <system-out/>
  <testcase classname="RestAssuredDemo.WaysToPosttheRequest" name="createProjectUsingFile" time="2.548"/>
  <system-out/>
  <testcase classname="RestAssuredDemo.WaysToPosttheRequest" name="createProjectUsingHashMap" time="0.801"/>
  <system-out/>
</testsuite> <!-- RestAssuredDemo.WaysToPosttheRequest -->
