<?xml version="1.0" encoding="UTF-8"?>
<!-- Generated by org.testng.reporters.JUnitReportReporter -->
<testsuite hostname="BNGEMPL108" failures="0" tests="10" name="RestAssuredDemo.CreateRepo" time="5.677" errors="0" timestamp="2024-08-08T12:08:43 IST" skipped="0">
  <testcase classname="RestAssuredDemo.CreateRepo" name="createProjectwithoutBDD" time="2.681"/>
  <system-out/>
  <testcase classname="RestAssuredDemo.CreateRepo" name="getAllUsers" time="0.266"/>
  <system-out/>
  <testcase classname="RestAssuredDemo.CreateRepo" name="singleuserwithoutBDD" time="0.086"/>
  <system-out/>
  <testcase classname="RestAssuredDemo.CreateRepo" name="patch" time="0.564"/>
  <system-out/>
  <testcase classname="RestAssuredDemo.CreateRepo" name="update" time="0.549"/>
  <system-out/>
  <testcase classname="RestAssuredDemo.CreateRepo" name="delete" time="0.432"/>
  <system-out/>
  <testcase classname="RestAssuredDemo.CreateRepo" name="createprojectwithBDD" time="0.569"/>
  <system-out/>
  <testcase classname="RestAssuredDemo.CreateRepo" name="getAllProject" time="0.097"/>
  <system-out/>
  <testcase classname="RestAssuredDemo.CreateRepo" name="singleUserwithBDD" time="0.052"/>
  <system-out/>
  <testcase classname="RestAssuredDemo.CreateRepo" name="deletewithBDD" time="0.381"/>
  <system-out/>
</testsuite> <!-- RestAssuredDemo.CreateRepo -->
